Arguments: 
  C:\Program Files\nodejs\node.exe C:\Program Files (x86)\Yarn\bin\yarn.js add realm styled-componentes

PATH: 
  C:\Python27\;C:\Python27\Scripts;C:\Python310\Scripts\;C:\Python310\;C:\Windows\system32;C:\Windows;C:\Windows\System32\Wbem;C:\Windows\System32\WindowsPowerShell\v1.0\;C:\Windows\System32\OpenSSH\;C:\ProgramData\chocolatey\bin;C:\ProgramData\nvm;C:\Program Files\nodejs;C:\Program Files\Git\cmd;C:\Program Files\GitHub CLI\;C:\Program Files\Microsoft VS Code\bin;C:\Program Files\OpenJDK\openjdk-11.0.16_8\bin;C:\Program Files\Microsoft SQL Server\150\Tools\Binn\;C:\Program Files\Microsoft SQL Server\Client SDK\ODBC\170\Tools\Binn\;C:\Program Files (x86)\Yarn\bin\;C:\WINDOWS\system32;C:\WINDOWS;C:\WINDOWS\System32\Wbem;C:\WINDOWS\System32\WindowsPowerShell\v1.0\;C:\WINDOWS\System32\OpenSSH\;C:\Program Files\Docker\Docker\resources\bin;C:\ProgramData\DockerDesktop\version-bin;C:\Program Files\dotnet\;C:\Users\rodrigo\AppData\Local\Microsoft\WindowsApps;C:\Users\rodrigo\AppData\Local\Yarn\bin;C:\Users\rodrigo\.dotnet\tools;C:\Android\Sdk\emulator;C:\Android\Sdk\tools;C:\Android\Sdk\tools\bin;C:\Android\Sdk\platform-tools

Yarn version: 
  1.22.19

Node version: 
  16.17.0

Platform: 
  win32 x64

Trace: 
  Error: https://registry.yarnpkg.com/styled-componentes: Not found
      at Request.params.callback [as _callback] (C:\Program Files (x86)\Yarn\lib\cli.js:66145:18)
      at Request.self.callback (C:\Program Files (x86)\Yarn\lib\cli.js:140890:22)
      at Request.emit (node:events:513:28)
      at Request.<anonymous> (C:\Program Files (x86)\Yarn\lib\cli.js:141862:10)
      at Request.emit (node:events:513:28)
      at IncomingMessage.<anonymous> (C:\Program Files (x86)\Yarn\lib\cli.js:141784:12)
      at Object.onceWrapper (node:events:627:28)
      at IncomingMessage.emit (node:events:525:35)
      at endReadableNT (node:internal/streams/readable:1358:12)
      at processTicksAndRejections (node:internal/process/task_queues:83:21)

npm manifest: 
  {
    "name": "kissmanager",
    "version": "1.0.0",
    "description": "Gerenciador de senhas",
    "repository": {
      "type": "git",
      "url": "git+https://github.com/darthc0de/kissManagerMobile.git"
    },
    "bugs": {
      "url": "https://github.com/darthc0de/kissManagerMobile/issues"
    },
    "homepage": "https://github.com/darthc0de/kissManagerMobile",
    "authors": [
      "Rodrigo Cordeiro <rodrigomendoncca@gmail.com> (https://rodcordeiro.com.br)",
      "Junior Alves",
      "Guilherme Pedroso",
      "Carolina Santos"
    ],
  
    "main": "node_modules/expo/AppEntry.js",
    "scripts": {
      "start": "expo start",
      "android": "expo start --android",
      "ios": "expo start --ios",
      "web": "expo start --web",
      "eject": "expo eject",
      "fix": "npm run lint && npm run prettier",
      "lint": "eslint --fix --ignore-path .eslintignore --fix --ext .ts,.tsx,.js,.jsx .",
      "prettier": "prettier --ignore-path .eslintignore --write ."
        },
    "dependencies": {
      "@expo/vector-icons": "^12.0.0",
      "@react-native-community/clipboard": "^1.5.1",
      "@react-native-community/masked-view": "0.1.11",
      "@react-native-community/picker": "^1.8.1",
      "@react-navigation/native": "^6.0.0",
      "@react-navigation/stack": "^6.0.0",
      "expo": "~42.0.1",
      "expo-linear-gradient": "~9.2.0",
      "expo-sqlite": "~9.2.1",
      "expo-status-bar": "~1.0.4",
      "expo-updates": "~0.8.2",
      "react": "^17.0.0",
      "react-dom": "^17.0.0",
      "react-native": "https://github.com/expo/react-native/archive/sdk-42.0.0.tar.gz",
      "react-native-flash-message": "^0.1.23",
      "react-native-gesture-handler": "~1.10.2",
      "react-native-item-select": "^0.3.0",
      "react-native-picker-select": "^8.0.4",
      "react-native-reanimated": "~2.2.0",
      "react-native-screens": "~3.6.0",
      "react-native-web": "^0.17.1",
      "react-native-web-hooks": "^3.0.1",
      "react-navigation": "^4.4.4"
    },
    "devDependencies": {
      "@babel/core": "7.15.4",
      "@types/react": "17.0.19",
      "@types/react-native": "0.64.13",
      "typescript": "4.4.2"
      
  
    },
    "private": false
  }

yarn manifest: 
  No manifest

Lockfile: 
  No lockfile
